<?xml version="1.0" encoding="UTF-8"?>
<!-- Generated by org.testng.reporters.JUnitReportReporter -->
<testsuite hostname="LAPTOP-UBS9P1CF" failures="0" tests="3" name="com.cucumber.runner.RunnerFile" time="12.424" errors="0" timestamp="2022-02-20T12:46:06 EST" skipped="0">
  <testcase classname="com.cucumber.runner.RunnerFile" name="runScenario" time="5.039"/>
  <system-out/>
  <testcase classname="com.cucumber.runner.RunnerFile" name="runScenario" time="3.679"/>
  <system-out/>
  <testcase classname="com.cucumber.runner.RunnerFile" name="runScenario" time="3.706"/>
  <system-out/>
</testsuite> <!-- com.cucumber.runner.RunnerFile -->
