<?xml version="1.0" encoding="UTF-8"?>
<!-- Generated by org.testng.reporters.JUnitReportReporter -->
<testsuite hostname="LAPTOP-UBS9P1CF" failures="0" tests="3" name="com.cucumber.runner.RunnerFile" time="13.549" errors="0" timestamp="2022-02-20T13:13:05 EST" skipped="0">
  <testcase classname="com.cucumber.runner.RunnerFile" name="runScenario" time="5.598"/>
  <system-out/>
  <testcase classname="com.cucumber.runner.RunnerFile" name="runScenario" time="4.171"/>
  <system-out/>
  <testcase classname="com.cucumber.runner.RunnerFile" name="runScenario" time="3.780"/>
  <system-out/>
</testsuite> <!-- com.cucumber.runner.RunnerFile -->
